0 info it worked if it ends with ok
1 verbose cli [ '/usr/bin/nodejs',
1 verbose cli   '/usr/bin/npm',
1 verbose cli   'install',
1 verbose cli   '-g',
1 verbose cli   'browserify' ]
2 info using npm@1.3.10
3 info using node@v0.10.25
4 verbose cache add [ 'browserify', null ]
5 verbose cache add name=undefined spec="browserify" args=["browserify",null]
6 verbose parsed url { protocol: null,
6 verbose parsed url   slashes: null,
6 verbose parsed url   auth: null,
6 verbose parsed url   host: null,
6 verbose parsed url   port: null,
6 verbose parsed url   hostname: null,
6 verbose parsed url   hash: null,
6 verbose parsed url   search: null,
6 verbose parsed url   query: null,
6 verbose parsed url   pathname: 'browserify',
6 verbose parsed url   path: 'browserify',
6 verbose parsed url   href: 'browserify' }
7 silly lockFile 84c1c54e-browserify browserify
8 verbose lock browserify /home/sanxlop/.npm/84c1c54e-browserify.lock
9 silly lockFile 84c1c54e-browserify browserify
10 silly lockFile 84c1c54e-browserify browserify
11 verbose addNamed [ 'browserify', '' ]
12 verbose addNamed [ null, '*' ]
13 silly lockFile 80140245-browserify browserify@
14 verbose lock browserify@ /home/sanxlop/.npm/80140245-browserify.lock
15 silly addNameRange { name: 'browserify', range: '*', hasData: false }
16 verbose url raw browserify
17 verbose url resolving [ 'https://registry.npmjs.org/', './browserify' ]
18 verbose url resolved https://registry.npmjs.org/browserify
19 info trying registry request attempt 1 at 18:40:26
20 http GET https://registry.npmjs.org/browserify
21 http 200 https://registry.npmjs.org/browserify
22 silly registry.get cb [ 200,
22 silly registry.get   { server: 'CouchDB/1.5.0 (Erlang OTP/R16B03)',
22 silly registry.get     etag: '"7F65PHYENLYGWDXDFNINZJLOI"',
22 silly registry.get     'content-type': 'application/json',
22 silly registry.get     'cache-control': 'max-age=60',
22 silly registry.get     'content-length': '850238',
22 silly registry.get     'accept-ranges': 'bytes',
22 silly registry.get     date: 'Mon, 16 Nov 2015 17:40:27 GMT',
22 silly registry.get     via: '1.1 varnish',
22 silly registry.get     age: '27',
22 silly registry.get     connection: 'keep-alive',
22 silly registry.get     'x-served-by': 'cache-fra1241-FRA',
22 silly registry.get     'x-cache': 'HIT',
22 silly registry.get     'x-cache-hits': '1',
22 silly registry.get     'x-timer': 'S1447695627.321157,VS0,VE4',
22 silly registry.get     vary: 'Accept' } ]
23 silly addNameRange number 2 { name: 'browserify', range: '*', hasData: true }
24 silly addNameRange versions [ 'browserify',
24 silly addNameRange   [ '0.0.1',
24 silly addNameRange     '0.0.2',
24 silly addNameRange     '0.0.3',
24 silly addNameRange     '0.0.4',
24 silly addNameRange     '0.0.5',
24 silly addNameRange     '0.1.0',
24 silly addNameRange     '0.1.1',
24 silly addNameRange     '0.1.2',
24 silly addNameRange     '0.1.3',
24 silly addNameRange     '0.1.4',
24 silly addNameRange     '0.1.5',
24 silly addNameRange     '0.2.0',
24 silly addNameRange     '0.2.1',
24 silly addNameRange     '0.2.2',
24 silly addNameRange     '0.2.3',
24 silly addNameRange     '0.2.4',
24 silly addNameRange     '0.2.5',
24 silly addNameRange     '0.2.6',
24 silly addNameRange     '0.2.7',
24 silly addNameRange     '0.2.8',
24 silly addNameRange     '0.2.9',
24 silly addNameRange     '0.2.10',
24 silly addNameRange     '0.2.11',
24 silly addNameRange     '0.3.0',
24 silly addNameRange     '0.3.1',
24 silly addNameRange     '0.3.2',
24 silly addNameRange     '0.3.3',
24 silly addNameRange     '0.3.4',
24 silly addNameRange     '0.3.5',
24 silly addNameRange     '0.3.6',
24 silly addNameRange     '0.3.7',
24 silly addNameRange     '0.4.0',
24 silly addNameRange     '0.4.1',
24 silly addNameRange     '0.4.2',
24 silly addNameRange     '0.4.3',
24 silly addNameRange     '0.4.4',
24 silly addNameRange     '0.4.5',
24 silly addNameRange     '0.4.6',
24 silly addNameRange     '0.4.7',
24 silly addNameRange     '0.4.8',
24 silly addNameRange     '0.4.9',
24 silly addNameRange     '0.4.10',
24 silly addNameRange     '0.4.11',
24 silly addNameRange     '0.4.12',
24 silly addNameRange     '0.4.13',
24 silly addNameRange     '0.4.14',
24 silly addNameRange     '0.4.15',
24 silly addNameRange     '0.5.0',
24 silly addNameRange     '0.5.1',
24 silly addNameRange     '0.5.2',
24 silly addNameRange     '1.0.0',
24 silly addNameRange     '1.1.0',
24 silly addNameRange     '1.1.1',
24 silly addNameRange     '1.1.2',
24 silly addNameRange     '1.1.3',
24 silly addNameRange     '1.1.4',
24 silly addNameRange     '1.2.0',
24 silly addNameRange     '1.2.1',
24 silly addNameRange     '1.2.2',
24 silly addNameRange     '1.2.3',
24 silly addNameRange     '1.2.4',
24 silly addNameRange     '1.2.5',
24 silly addNameRange     '1.2.6',
24 silly addNameRange     '1.2.7',
24 silly addNameRange     '1.2.8',
24 silly addNameRange     '1.2.9',
24 silly addNameRange     '1.3.0',
24 silly addNameRange     '1.4.0',
24 silly addNameRange     '1.4.1',
24 silly addNameRange     '1.4.2',
24 silly addNameRange     '1.4.3',
24 silly addNameRange     '1.4.4',
24 silly addNameRange     '1.4.5',
24 silly addNameRange     '1.4.6',
24 silly addNameRange     '1.4.7',
24 silly addNameRange     '1.4.8',
24 silly addNameRange     '1.5.0',
24 silly addNameRange     '1.6.0',
24 silly addNameRange     '1.6.1',
24 silly addNameRange     '1.7.0',
24 silly addNameRange     '1.7.1',
24 silly addNameRange     '1.7.2',
24 silly addNameRange     '1.7.3',
24 silly addNameRange     '1.7.4',
24 silly addNameRange     '1.7.5',
24 silly addNameRange     '1.7.6',
24 silly addNameRange     '1.7.7',
24 silly addNameRange     '1.8.0',
24 silly addNameRange     '1.8.1',
24 silly addNameRange     '1.8.2',
24 silly addNameRange     '1.8.3',
24 silly addNameRange     '1.9.0',
24 silly addNameRange     '1.9.1',
24 silly addNameRange     '1.9.2',
24 silly addNameRange     '1.9.3',
24 silly addNameRange     '1.9.4',
24 silly addNameRange     '1.10.0',
24 silly addNameRange     '1.10.1',
24 silly addNameRange     '1.10.2',
24 silly addNameRange     '1.10.3',
24 silly addNameRange     '1.10.4',
24 silly addNameRange     '1.10.5',
24 silly addNameRange     '1.10.6',
24 silly addNameRange     '1.10.7',
24 silly addNameRange     '1.10.8',
24 silly addNameRange     '1.10.9',
24 silly addNameRange     '1.10.11',
24 silly addNameRange     '1.10.12',
24 silly addNameRange     '1.10.13',
24 silly addNameRange     '1.10.14',
24 silly addNameRange     '1.10.15',
24 silly addNameRange     '1.10.16',
24 silly addNameRange     '1.10.17',
24 silly addNameRange     '1.11.0',
24 silly addNameRange     '1.11.1',
24 silly addNameRange     '1.12.0',
24 silly addNameRange     '1.12.1',
24 silly addNameRange     '1.12.2',
24 silly addNameRange     '1.12.3',
24 silly addNameRange     '1.13.0',
24 silly addNameRange     '1.13.1',
24 silly addNameRange     '1.13.2',
24 silly addNameRange     '1.13.3',
24 silly addNameRange     '1.13.4',
24 silly addNameRange     '1.13.5',
24 silly addNameRange     '1.13.6',
24 silly addNameRange     '1.13.8',
24 silly addNameRange     '1.13.9',
24 silly addNameRange     '1.13.10',
24 silly addNameRange     '1.14.0',
24 silly addNameRange     '1.14.1',
24 silly addNameRange     '1.14.2',
24 silly addNameRange     '1.14.3',
24 silly addNameRange     '1.14.4',
24 silly addNameRange     '1.14.5',
24 silly addNameRange     '1.15.0',
24 silly addNameRange     '1.15.1',
24 silly addNameRange     '1.15.2',
24 silly addNameRange     '1.15.3',
24 silly addNameRange     '1.15.4',
24 silly addNameRange     '1.15.5',
24 silly addNameRange     '1.15.6',
24 silly addNameRange     '1.16.0',
24 silly addNameRange     '1.16.1',
24 silly addNameRange     '1.16.2',
24 silly addNameRange     '1.16.3',
24 silly addNameRange     '1.16.4',
24 silly addNameRange     '1.16.5',
24 silly addNameRange     '1.16.6',
24 silly addNameRange     '1.16.7',
24 silly addNameRange     '1.16.8',
24 silly addNameRange     '1.17.0',
24 silly addNameRange     '1.17.1',
24 silly addNameRange     '1.17.2',
24 silly addNameRange     '1.17.3',
24 silly addNameRange     '1.18.0',
24 silly addNameRange     '2.0.0',
24 silly addNameRange     '2.0.1',
24 silly addNameRange     '2.1.0',
24 silly addNameRange     '2.2.0',
24 silly addNameRange     '2.2.1',
24 silly addNameRange     '2.2.2',
24 silly addNameRange     '2.2.3',
24 silly addNameRange     '2.2.4',
24 silly addNameRange     '2.2.5',
24 silly addNameRange     '2.2.6',
24 silly addNameRange     '2.3.0',
24 silly addNameRange     '2.3.1',
24 silly addNameRange     '2.4.0',
24 silly addNameRange     '2.4.1',
24 silly addNameRange     '2.4.2',
24 silly addNameRange     '2.4.3',
24 silly addNameRange     '2.5.0',
24 silly addNameRange     '2.5.1',
24 silly addNameRange     '2.6.0',
24 silly addNameRange     '2.6.1',
24 silly addNameRange     '2.7.0',
24 silly addNameRange     '2.7.1',
24 silly addNameRange     '2.7.2',
24 silly addNameRange     '2.7.3',
24 silly addNameRange     '2.7.4',
24 silly addNameRange     '2.8.0',
24 silly addNameRange     '2.8.1',
24 silly addNameRange     '2.9.0',
24 silly addNameRange     '2.10.0',
24 silly addNameRange     '2.10.1',
24 silly addNameRange     '2.10.2',
24 silly addNameRange     '2.11.0',
24 silly addNameRange     '2.12.0',
24 silly addNameRange     '2.12.1',
24 silly addNameRange     '2.12.2',
24 silly addNameRange     '2.12.3',
24 silly addNameRange     '2.12.4',
24 silly addNameRange     '2.12.5',
24 silly addNameRange     '2.13.0',
24 silly addNameRange     '2.13.1',
24 silly addNameRange     '2.13.2',
24 silly addNameRange     '2.13.3',
24 silly addNameRange     '2.14.0',
24 silly addNameRange     '2.14.1',
24 silly addNameRange     '2.14.2',
24 silly addNameRange     '2.15.0',
24 silly addNameRange     '2.16.0',
24 silly addNameRange     '2.17.0',
24 silly addNameRange     '2.17.1',
24 silly addNameRange     '2.17.2',
24 silly addNameRange     '2.17.3',
24 silly addNameRange     '2.17.4',
24 silly addNameRange     '2.18.0',
24 silly addNameRange     '2.18.1',
24 silly addNameRange     '2.19.0',
24 silly addNameRange     '2.20.0',
24 silly addNameRange     '2.20.1',
24 silly addNameRange     '2.20.2',
24 silly addNameRange     '2.21.0',
24 silly addNameRange     '2.22.0',
24 silly addNameRange     '2.23.0',
24 silly addNameRange     '2.23.1',
24 silly addNameRange     '2.24.0',
24 silly addNameRange     '2.24.1',
24 silly addNameRange     '2.24.2',
24 silly addNameRange     '2.24.3',
24 silly addNameRange     '2.25.0',
24 silly addNameRange     '2.25.1',
24 silly addNameRange     '2.26.0',
24 silly addNameRange     '2.27.0',
24 silly addNameRange     '2.27.1',
24 silly addNameRange     '2.28.0',
24 silly addNameRange     '2.29.0',
24 silly addNameRange     '2.29.1',
24 silly addNameRange     '2.30.0',
24 silly addNameRange     '2.31.0',
24 silly addNameRange     '2.32.0',
24 silly addNameRange     '2.32.1',
24 silly addNameRange     '2.32.2',
24 silly addNameRange     '2.32.3',
24 silly addNameRange     '2.32.4',
24 silly addNameRange     '2.33.0',
24 silly addNameRange     '2.33.1',
24 silly addNameRange     '2.34.0',
24 silly addNameRange     '2.34.1',
24 silly addNameRange     '2.34.2',
24 silly addNameRange     '2.34.3',
24 silly addNameRange     '2.35.0',
24 silly addNameRange     '2.35.1',
24 silly addNameRange     '2.35.2',
24 silly addNameRange     '2.35.3',
24 silly addNameRange     '2.35.4',
24 silly addNameRange     '2.36.0',
24 silly addNameRange     '2.36.1',
24 silly addNameRange     '3.0.0',
24 silly addNameRange     '3.1.0',
24 silly addNameRange     '3.1.1',
24 silly addNameRange     '3.1.2',
24 silly addNameRange     '3.1.3',
24 silly addNameRange     '3.2.0',
24 silly addNameRange     '3.2.1',
24 silly addNameRange     '3.2.2',
24 silly addNameRange     '3.3.0',
24 silly addNameRange     '3.4.0',
24 silly addNameRange     '3.4.1',
24 silly addNameRange     '3.5.0',
24 silly addNameRange     '3.6.0',
24 silly addNameRange     '3.7.0',
24 silly addNameRange     '3.8.0',
24 silly addNameRange     '3.8.1',
24 silly addNameRange     '3.9.0',
24 silly addNameRange     '3.9.1',
24 silly addNameRange     '3.10.0',
24 silly addNameRange     '3.11.0',
24 silly addNameRange     '3.11.1',
24 silly addNameRange     '3.12.0',
24 silly addNameRange     '3.13.0',
24 silly addNameRange     '3.14.0',
24 silly addNameRange     '3.14.1',
24 silly addNameRange     '3.16.0',
24 silly addNameRange     '3.16.1',
24 silly addNameRange     '3.17.0',
24 silly addNameRange     '3.18.0',
24 silly addNameRange     '3.19.0',
24 silly addNameRange     '3.19.1',
24 silly addNameRange     '3.20.0',
24 silly addNameRange     '3.20.1',
24 silly addNameRange     '3.20.2',
24 silly addNameRange     '3.21.0',
24 silly addNameRange     '3.21.1',
24 silly addNameRange     '3.22.0',
24 silly addNameRange     '3.22.1',
24 silly addNameRange     '3.23.0',
24 silly addNameRange     '3.23.1',
24 silly addNameRange     '3.24.0',
24 silly addNameRange     '3.24.1',
24 silly addNameRange     '3.24.2',
24 silly addNameRange     '3.24.3',
24 silly addNameRange     '3.24.4',
24 silly addNameRange     '3.24.5',
24 silly addNameRange     '3.24.6',
24 silly addNameRange     '3.24.7',
24 silly addNameRange     '3.24.8',
24 silly addNameRange     '3.24.9',
24 silly addNameRange     '3.24.10',
24 silly addNameRange     '3.24.11',
24 silly addNameRange     '3.24.13',
24 silly addNameRange     '3.25.0',
24 silly addNameRange     '3.25.1',
24 silly addNameRange     '3.25.2',
24 silly addNameRange     '3.26.0',
24 silly addNameRange     '3.27.0',
24 silly addNameRange     '3.27.1',
24 silly addNameRange     '3.28.0',
24 silly addNameRange     '3.28.1',
24 silly addNameRange     '3.28.2',
24 silly addNameRange     '3.29.0',
24 silly addNameRange     '3.29.1',
24 silly addNameRange     '3.30.0',
24 silly addNameRange     '3.30.1',
24 silly addNameRange     '3.30.2',
24 silly addNameRange     '3.30.3',
24 silly addNameRange     '3.30.4',
24 silly addNameRange     '3.31.0',
24 silly addNameRange     '3.31.1',
24 silly addNameRange     '3.31.2',
24 silly addNameRange     '3.32.0',
24 silly addNameRange     '3.32.1',
24 silly addNameRange     '3.33.0',
24 silly addNameRange     '3.33.1',
24 silly addNameRange     '3.34.0',
24 silly addNameRange     '3.35.0',
24 silly addNameRange     '3.36.0',
24 silly addNameRange     '3.36.1',
24 silly addNameRange     '3.37.0',
24 silly addNameRange     '3.37.1',
24 silly addNameRange     '3.37.2',
24 silly addNameRange     '3.38.0',
24 silly addNameRange     '3.38.1',
24 silly addNameRange     '3.39.0',
24 silly addNameRange     '3.40.0',
24 silly addNameRange     '3.40.1',
24 silly addNameRange     '3.40.2',
24 silly addNameRange     '3.40.3',
24 silly addNameRange     '3.40.4',
24 silly addNameRange     '3.41.0',
24 silly addNameRange     '3.42.0',
24 silly addNameRange     '3.43.0',
24 silly addNameRange     '3.44.0',
24 silly addNameRange     '3.44.1',
24 silly addNameRange     '3.44.2',
24 silly addNameRange     '3.45.0',
24 silly addNameRange     '3.46.0',
24 silly addNameRange     '3.46.1',
24 silly addNameRange     '4.0.0',
24 silly addNameRange     '4.1.0',
24 silly addNameRange     '4.1.1',
24 silly addNameRange     '4.1.2',
24 silly addNameRange     '4.1.3',
24 silly addNameRange     '4.1.4',
24 silly addNameRange     '4.1.5',
24 silly addNameRange     '4.1.6',
24 silly addNameRange     '4.1.7',
24 silly addNameRange     '4.1.8',
24 silly addNameRange     '4.1.9',
24 silly addNameRange     '4.1.10',
24 silly addNameRange     '4.1.11',
24 silly addNameRange     '4.2.0',
24 silly addNameRange     '4.2.1',
24 silly addNameRange     '4.2.2',
24 silly addNameRange     '4.2.3',
24 silly addNameRange     '5.0.0',
24 silly addNameRange     '5.0.1',
24 silly addNameRange     '5.0.2',
24 silly addNameRange     '5.0.3',
24 silly addNameRange     '5.0.4',
24 silly addNameRange     '5.0.5',
24 silly addNameRange     '5.0.6',
24 silly addNameRange     '5.0.7',
24 silly addNameRange     '5.0.8',
24 silly addNameRange     '5.1.0',
24 silly addNameRange     '5.1.1',
24 silly addNameRange     '5.2.0',
24 silly addNameRange     '5.2.1',
24 silly addNameRange     '5.3.0',
24 silly addNameRange     '5.4.0',
24 silly addNameRange     '5.4.1',
24 silly addNameRange     '5.4.2',
24 silly addNameRange     '5.5.0',
24 silly addNameRange     '5.6.0',
24 silly addNameRange     '5.6.1',
24 silly addNameRange     '5.7.0',
24 silly addNameRange     '5.8.0',
24 silly addNameRange     '5.9.0',
24 silly addNameRange     '5.9.1',
24 silly addNameRange     '5.9.2',
24 silly addNameRange     '5.9.3',
24 silly addNameRange     '5.10.0',
24 silly addNameRange     '5.10.1',
24 silly addNameRange     '5.11.0',
24 silly addNameRange     '5.11.1',
24 silly addNameRange     '5.11.2',
24 silly addNameRange     '5.12.0',
24 silly addNameRange     '5.12.1',
24 silly addNameRange     '5.12.2',
24 silly addNameRange     '5.13.0',
24 silly addNameRange     '5.13.1',
24 silly addNameRange     '6.0.0',
24 silly addNameRange     '6.0.1',
24 silly addNameRange     '6.0.2',
24 silly addNameRange     '6.0.3',
24 silly addNameRange     '6.1.0',
24 silly addNameRange     '6.1.1',
24 silly addNameRange     '6.1.2',
24 silly addNameRange     '6.2.0',
24 silly addNameRange     '6.3.0',
24 silly addNameRange     '6.3.1',
24 silly addNameRange     '6.3.2',
24 silly addNameRange     '6.3.3',
24 silly addNameRange     '6.3.4',
24 silly addNameRange     '7.0.0',
24 silly addNameRange     '7.0.1',
24 silly addNameRange     '7.0.2',
24 silly addNameRange     '7.0.3',
24 silly addNameRange     '7.1.0',
24 silly addNameRange     '8.0.0',
24 silly addNameRange     '8.0.1',
24 silly addNameRange     '8.0.2',
24 silly addNameRange     '8.0.3',
24 silly addNameRange     '8.1.0',
24 silly addNameRange     '8.1.1',
24 silly addNameRange     '8.1.2',
24 silly addNameRange     '8.1.3',
24 silly addNameRange     '9.0.0',
24 silly addNameRange     '9.0.1',
24 silly addNameRange     '9.0.2',
24 silly addNameRange     '9.0.3',
24 silly addNameRange     '9.0.4',
24 silly addNameRange     '9.0.5',
24 silly addNameRange     '9.0.6',
24 silly addNameRange     '9.0.7',
24 silly addNameRange     '9.0.8',
24 silly addNameRange     '10.0.0',
24 silly addNameRange     '10.1.0',
24 silly addNameRange     '10.1.1',
24 silly addNameRange     '10.1.2',
24 silly addNameRange     '10.1.3',
24 silly addNameRange     '10.2.0',
24 silly addNameRange     '10.2.1',
24 silly addNameRange     '10.2.3',
24 silly addNameRange     '10.2.4',
24 silly addNameRange     '10.2.5',
24 silly addNameRange     '10.2.6',
24 silly addNameRange     '11.0.0',
24 silly addNameRange     '11.0.1',
24 silly addNameRange     '11.1.0',
24 silly addNameRange     '11.2.0',
24 silly addNameRange     '12.0.0',
24 silly addNameRange     '12.0.1' ] ]
25 verbose addNamed [ 'browserify', '12.0.1' ]
26 verbose addNamed [ '12.0.1', '12.0.1' ]
27 silly lockFile 8ed522c4-browserify-12-0-1 browserify@12.0.1
28 verbose lock browserify@12.0.1 /home/sanxlop/.npm/8ed522c4-browserify-12-0-1.lock
29 silly lockFile 8ed522c4-browserify-12-0-1 browserify@12.0.1
30 silly lockFile 8ed522c4-browserify-12-0-1 browserify@12.0.1
31 silly lockFile 80140245-browserify browserify@
32 silly lockFile 80140245-browserify browserify@
33 silly resolved [ { name: 'browserify',
33 silly resolved     version: '12.0.1',
33 silly resolved     description: 'browser-side require() the node way',
33 silly resolved     main: 'index.js',
33 silly resolved     bin: { browserify: 'bin/cmd.js' },
33 silly resolved     repository:
33 silly resolved      { type: 'git',
33 silly resolved        url: 'git+ssh://git@github.com/substack/node-browserify.git' },
33 silly resolved     keywords:
33 silly resolved      [ 'browser',
33 silly resolved        'require',
33 silly resolved        'commonjs',
33 silly resolved        'commonj-esque',
33 silly resolved        'bundle',
33 silly resolved        'npm',
33 silly resolved        'javascript' ],
33 silly resolved     dependencies:
33 silly resolved      { JSONStream: '^1.0.3',
33 silly resolved        assert: '~1.3.0',
33 silly resolved        'browser-pack': '^6.0.1',
33 silly resolved        'browser-resolve': '^1.7.1',
33 silly resolved        'browserify-zlib': '~0.1.2',
33 silly resolved        buffer: '^3.4.3',
33 silly resolved        'concat-stream': '~1.5.1',
33 silly resolved        'console-browserify': '^1.1.0',
33 silly resolved        'constants-browserify': '~1.0.0',
33 silly resolved        'crypto-browserify': '^3.0.0',
33 silly resolved        defined: '^1.0.0',
33 silly resolved        'deps-sort': '^2.0.0',
33 silly resolved        'domain-browser': '~1.1.0',
33 silly resolved        duplexer2: '~0.1.2',
33 silly resolved        events: '~1.1.0',
33 silly resolved        glob: '^5.0.15',
33 silly resolved        has: '^1.0.0',
33 silly resolved        htmlescape: '^1.1.0',
33 silly resolved        'stream-http': '^2.0.0',
33 silly resolved        'https-browserify': '~0.0.0',
33 silly resolved        inherits: '~2.0.1',
33 silly resolved        'insert-module-globals': '^7.0.0',
33 silly resolved        isarray: '0.0.1',
33 silly resolved        'labeled-stream-splicer': '^2.0.0',
33 silly resolved        'module-deps': '^4.0.2',
33 silly resolved        'os-browserify': '~0.1.1',
33 silly resolved        parents: '^1.0.1',
33 silly resolved        'path-browserify': '~0.0.0',
33 silly resolved        process: '~0.11.0',
33 silly resolved        punycode: '^1.3.2',
33 silly resolved        'querystring-es3': '~0.2.0',
33 silly resolved        'read-only-stream': '^2.0.0',
33 silly resolved        'readable-stream': '^2.0.2',
33 silly resolved        resolve: '^1.1.4',
33 silly resolved        shasum: '^1.0.0',
33 silly resolved        'shell-quote': '^1.4.3',
33 silly resolved        'stream-browserify': '^2.0.0',
33 silly resolved        string_decoder: '~0.10.0',
33 silly resolved        subarg: '^1.0.0',
33 silly resolved        'syntax-error': '^1.1.1',
33 silly resolved        through2: '^2.0.0',
33 silly resolved        'timers-browserify': '^1.0.1',
33 silly resolved        'tty-browserify': '~0.0.0',
33 silly resolved        url: '~0.11.0',
33 silly resolved        util: '~0.10.1',
33 silly resolved        'vm-browserify': '~0.0.1',
33 silly resolved        xtend: '^4.0.0' },
33 silly resolved     devDependencies:
33 silly resolved      { backbone: '~0.9.2',
33 silly resolved        'browser-unpack': '^1.1.1',
33 silly resolved        'coffee-script': '~1.10.0',
33 silly resolved        coffeeify: '~1.1.0',
33 silly resolved        es6ify: '~0.4.8',
33 silly resolved        isstream: '^0.1.2',
33 silly resolved        seq: '0.3.5',
33 silly resolved        tap: '^2.2.0',
33 silly resolved        temp: '^0.8.1',
33 silly resolved        through: '^2.3.4' },
33 silly resolved     author:
33 silly resolved      { name: 'James Halliday',
33 silly resolved        email: 'mail@substack.net',
33 silly resolved        url: 'http://substack.net' },
33 silly resolved     scripts: { test: 'tap test/*.js' },
33 silly resolved     license: 'MIT',
33 silly resolved     gitHead: 'bbfabaa77fd18e81fe4fd74e104a8a793660f5c5',
33 silly resolved     bugs: { url: 'https://github.com/substack/node-browserify/issues' },
33 silly resolved     homepage: 'https://github.com/substack/node-browserify#readme',
33 silly resolved     _id: 'browserify@12.0.1',
33 silly resolved     _shasum: '2e0bd015384ed07feaac5b6466bd582c5085ec3e',
33 silly resolved     _from: 'browserify@',
33 silly resolved     _npmVersion: '3.3.2',
33 silly resolved     _nodeVersion: '4.2.1',
33 silly resolved     _npmUser: { name: 'substack', email: 'substack@gmail.com' },
33 silly resolved     dist:
33 silly resolved      { shasum: '2e0bd015384ed07feaac5b6466bd582c5085ec3e',
33 silly resolved        tarball: 'http://registry.npmjs.org/browserify/-/browserify-12.0.1.tgz' },
33 silly resolved     maintainers:
33 silly resolved      [ [Object],
33 silly resolved        [Object],
33 silly resolved        [Object],
33 silly resolved        [Object],
33 silly resolved        [Object],
33 silly resolved        [Object],
33 silly resolved        [Object],
33 silly resolved        [Object],
33 silly resolved        [Object],
33 silly resolved        [Object] ],
33 silly resolved     directories: {},
33 silly resolved     _resolved: 'https://registry.npmjs.org/browserify/-/browserify-12.0.1.tgz',
33 silly resolved     readme: 'ERROR: No README data found!' } ]
34 info install browserify@12.0.1 into /usr/local/lib
35 info installOne browserify@12.0.1
36 info /usr/local/lib/node_modules/browserify unbuild
37 verbose tar unpack /home/sanxlop/.npm/browserify/12.0.1/package.tgz
38 silly lockFile 1b5a9d3b-ocal-lib-node-modules-browserify tar:///usr/local/lib/node_modules/browserify
39 verbose lock tar:///usr/local/lib/node_modules/browserify /home/sanxlop/.npm/1b5a9d3b-ocal-lib-node-modules-browserify.lock
40 silly lockFile 3f7936d8-pm-browserify-12-0-1-package-tgz tar:///home/sanxlop/.npm/browserify/12.0.1/package.tgz
41 verbose lock tar:///home/sanxlop/.npm/browserify/12.0.1/package.tgz /home/sanxlop/.npm/3f7936d8-pm-browserify-12-0-1-package-tgz.lock
42 silly gunzTarPerm modes [ '755', '644' ]
43 error Error: EACCES, mkdir '/usr/local/lib/node_modules/browserify'
43 error  { [Error: EACCES, mkdir '/usr/local/lib/node_modules/browserify']
43 error   errno: 3,
43 error   code: 'EACCES',
43 error   path: '/usr/local/lib/node_modules/browserify',
43 error   fstream_type: 'Directory',
43 error   fstream_path: '/usr/local/lib/node_modules/browserify',
43 error   fstream_class: 'DirWriter',
43 error   fstream_stack:
43 error    [ '/usr/lib/nodejs/fstream/lib/dir-writer.js:36:23',
43 error      '/usr/lib/nodejs/mkdirp/index.js:37:53',
43 error      'Object.oncomplete (fs.js:107:15)' ] }
44 error Please try running this command again as root/Administrator.
45 error System Linux 3.16.0-50-generic
46 error command "/usr/bin/nodejs" "/usr/bin/npm" "install" "-g" "browserify"
47 error cwd /home/sanxlop/IWEB/tresenraya
48 error node -v v0.10.25
49 error npm -v 1.3.10
50 error path /usr/local/lib/node_modules/browserify
51 error fstream_path /usr/local/lib/node_modules/browserify
52 error fstream_type Directory
53 error fstream_class DirWriter
54 error code EACCES
55 error errno 3
56 error stack Error: EACCES, mkdir '/usr/local/lib/node_modules/browserify'
57 error fstream_stack /usr/lib/nodejs/fstream/lib/dir-writer.js:36:23
57 error fstream_stack /usr/lib/nodejs/mkdirp/index.js:37:53
57 error fstream_stack Object.oncomplete (fs.js:107:15)
58 verbose exit [ 3, true ]
